<?xml version="1.0" encoding="UTF-8"?>
<!-- Generated by org.testng.reporters.JUnitReportReporter -->
<testsuite hostname="TYSS-Prajna" failures="0" tests="1" name="demo.AmazonTest" time="3.616" errors="0" timestamp="2023-12-07T15:24:09 IST" skipped="0">
  <testcase classname="demo.AmazonTest" name="launch" time="3.616"/>
  <system-out/>
</testsuite> <!-- demo.AmazonTest -->
