<?xml version="1.0" encoding="UTF-8"?>
<!-- Generated by org.testng.reporters.JUnitReportReporter -->
<testsuite hostname="TYSS-Prajna" failures="0" tests="1" name="demo.FlipkartTest" time="4.249" errors="0" timestamp="2023-12-07T15:24:09 IST" skipped="0">
  <testcase classname="demo.FlipkartTest" name="launch" time="4.249"/>
  <system-out/>
</testsuite> <!-- demo.FlipkartTest -->
