<?xml version="1.0" encoding="UTF-8"?>
<!-- Generated by org.testng.reporters.JUnitReportReporter -->
<testsuite hostname="TYSS-Prajna" failures="0" tests="1" name="learnMaven.AddScreenshotInExternalReport" time="7.622" errors="0" timestamp="2023-12-07T14:59:16 IST" skipped="0">
  <testcase classname="learnMaven.AddScreenshotInExternalReport" name="addScreenshot" time="7.622"/>
  <system-out/>
</testsuite> <!-- learnMaven.AddScreenshotInExternalReport -->
